<?xml version="1.0" encoding="UTF-8"?>
<!-- Generated by org.testng.reporters.JUnitXMLReporter -->
<testsuite ignored="0" hostname="Omeshs-MacBook-Pro.local" failures="0" tests="2" name="Error Validations Test" time="11.201" errors="0" timestamp="17 Oct 2022 05:23:24 GMT">
  <testcase classname="rahulshettyacademy.tests.ErrorValidationsTest" name="LoginErrorValidation" time="0.993"/>
  <testcase classname="rahulshettyacademy.tests.ErrorValidationsTest" name="ProductErrorValidation" time="3.67"/>
</testsuite> <!-- Error Validations Test -->
